This is pdfTeX, Version 3.141592653-2.6-1.40.28 (MiKTeX 25.12) (preloaded format=pdflatex 2026.3.1)  1 MAR 2026 17:43
entering extended mode
 restricted \write18 enabled.
 file:line:error style messages enabled.
 %&-line parsing enabled.
**c:/Users/josue/Documents/project-management-latex/base/Formato.tex
(c:/Users/josue/Documents/project-management-latex/base/Formato.tex
LaTeX2e <2025-11-01>
L3 programming layer <2025-12-24>
(encabezado.cls
Document Class: encabezado 2026/02/27 Clase para documentos STRATIUM
(C:\Users\josue\AppData\Local\Programs\MiKTeX\tex/latex/base\article.cls
Document Class: article 2025/01/22 v1.4n Standard LaTeX document class
(C:\Users\josue\AppData\Local\Programs\MiKTeX\tex/latex/base\size11.clo
File: size11.clo 2025/01/22 v1.4n Standard LaTeX file (size option)
)
\c@part=\count275
\c@section=\count276
\c@subsection=\count277
\c@subsubsection=\count278
\c@paragraph=\count279
\c@subparagraph=\count280
\c@figure=\count281
\c@table=\count282
\abovecaptionskip=\skip49
\belowcaptionskip=\skip50
\bibindent=\dimen148
) (C:\Users\josue\AppData\Local\Programs\MiKTeX\tex/generic/babel\babel.sty
Package: babel 2025/12/11 v25.17 The multilingual framework for LuaLaTeX, pdfLaTeX and XeLaTeX
\babel@savecnt=\count283
LaTeX Encoding Info:    Redeclaring text command \ij (encoding OT1) on input line 2068.
LaTeX Encoding Info:    Redeclaring text command \IJ (encoding OT1) on input line 2070.
LaTeX Encoding Info:    Redeclaring text command \ij (encoding T1) on input line 2072.
LaTeX Encoding Info:    Redeclaring text command \IJ (encoding T1) on input line 2073.
LaTeX Encoding Info:    Ignoring declaration for text command \ij (encoding ?) on input line 2074.
LaTeX Encoding Info:    Ignoring declaration for text command \IJ (encoding ?) on input line 2076.
LaTeX Encoding Info:    Ignoring declaration for text command \SS (encoding ?) on input line 2101.
\U@D=\dimen149
\l@unhyphenated=\language79
 (C:\Users\josue\AppData\Local\Programs\MiKTeX\tex/generic/babel\txtbabel.def)
\bbl@readstream=\read2
\bbl@dirlevel=\count284
Package babel Info: Configuration files are deprecated, as
(babel)             they can break document portability.
(babel)             Reported on input line 4196.

*************************************
* Local config file bblopts.cfg used
*
(C:\Users\josue\AppData\Local\Programs\MiKTeX\tex/latex/arabi\bblopts.cfg
File: bblopts.cfg 2005/09/08 v0.1 add Arabic and Farsi to "declared" options of babel
) (C:\Users\josue\AppData\Local\Programs\MiKTeX\tex/generic/babel/locale/es\babel-spanish.tex)
Package babel Info: Importing font and identification data for spanish
(babel)             from babel-es.ini. Reported on input line 4320.
 (C:\Users\josue\AppData\Local\Programs\MiKTeX\tex/latex/babel-spanish\spanish.ldf
Language: spanish.ldf 2021/05/27 v5.0q Spanish support from the babel system
\es@quottoks=\toks17
\es@quotdepth=\count285
Package babel Info: Making " an active character on input line 570.
Package babel Info: Making . an active character on input line 675.
Package babel Info: Making < an active character on input line 722.
Package babel Info: Making > an active character on input line 722.
))
LaTeX Encoding Info:    Redeclaring text command \guillemotleft (encoding OT1) on input line 7.
LaTeX Encoding Info:    Redeclaring text command \guillemotright (encoding OT1) on input line 7.
 (C:\Users\josue\AppData\Local\Programs\MiKTeX\tex/latex/base\inputenc.sty
Package: inputenc 2024/02/08 v1.3d Input encoding file
\inpenc@prehook=\toks18
\inpenc@posthook=\toks19
) (C:\Users\josue\AppData\Local\Programs\MiKTeX\tex/latex/geometry\geometry.sty
Package: geometry 2020/01/02 v5.9 Page Geometry
 (C:\Users\josue\AppData\Local\Programs\MiKTeX\tex/latex/graphics\keyval.sty
Package: keyval 2022/05/29 v1.15 key=value parser (DPC)
\KV@toks@=\toks20
) (C:\Users\josue\AppData\Local\Programs\MiKTeX\tex/generic/iftex\ifvtex.sty
Package: ifvtex 2019/10/25 v1.7 ifvtex legacy package. Use iftex instead.
 (C:\Users\josue\AppData\Local\Programs\MiKTeX\tex/generic/iftex\iftex.sty
Package: iftex 2024/12/12 v1.0g TeX engine tests
))
\Gm@cnth=\count286
\Gm@cntv=\count287
\c@Gm@tempcnt=\count288
\Gm@bindingoffset=\dimen150
\Gm@wd@mp=\dimen151
\Gm@odd@mp=\dimen152
\Gm@even@mp=\dimen153
\Gm@layoutwidth=\dimen154
\Gm@layoutheight=\dimen155
\Gm@layouthoffset=\dimen156
\Gm@layoutvoffset=\dimen157
\Gm@dimlist=\toks21
 (C:\Users\josue\AppData\Local\Programs\MiKTeX\tex/latex/geometry\geometry.cfg)) (C:\Users\josue\AppData\Local\Programs\MiKTeX\tex/latex/tools\tabularx.sty
Package: tabularx 2023/12/11 v2.12a `tabularx' package (DPC)
 (C:\Users\josue\AppData\Local\Programs\MiKTeX\tex/latex/tools\array.sty
Package: array 2025/09/25 v2.6n Tabular extension package (FMi)
\col@sep=\dimen158
\ar@mcellbox=\box53
\extrarowheight=\dimen159
\NC@list=\toks22
\extratabsurround=\skip51
\backup@length=\skip52
\ar@cellbox=\box54
)
\TX@col@width=\dimen160
\TX@old@table=\dimen161
\TX@old@col=\dimen162
\TX@target=\dimen163
\TX@delta=\dimen164
\TX@cols=\count289
\TX@ftn=\toks23
) (C:\Users\josue\AppData\Local\Programs\MiKTeX\tex/latex/fancyhdr\fancyhdr.sty
Package: fancyhdr 2025/02/07 v5.2 Extensive control of page headers and footers
\f@nch@headwidth=\skip53
\f@nch@offset@elh=\skip54
\f@nch@offset@erh=\skip55
\f@nch@offset@olh=\skip56
\f@nch@offset@orh=\skip57
\f@nch@offset@elf=\skip58
\f@nch@offset@erf=\skip59
\f@nch@offset@olf=\skip60
\f@nch@offset@orf=\skip61
\f@nch@height=\skip62
\f@nch@footalignment=\skip63
\f@nch@widthL=\skip64
\f@nch@widthC=\skip65
\f@nch@widthR=\skip66
\@temptokenb=\toks24
) (C:\Users\josue\AppData\Local\Programs\MiKTeX\tex/latex/graphics\graphicx.sty
Package: graphicx 2024/12/31 v1.2e Enhanced LaTeX Graphics (DPC,SPQR)
 (C:\Users\josue\AppData\Local\Programs\MiKTeX\tex/latex/graphics\graphics.sty
Package: graphics 2024/08/06 v1.4g Standard LaTeX Graphics (DPC,SPQR)
 (C:\Users\josue\AppData\Local\Programs\MiKTeX\tex/latex/graphics\trig.sty
Package: trig 2023/12/02 v1.11 sin cos tan (DPC)
) (C:\Users\josue\AppData\Local\Programs\MiKTeX\tex/latex/graphics-cfg\graphics.cfg
File: graphics.cfg 2016/06/04 v1.11 sample graphics configuration
)
Package graphics Info: Driver file: pdftex.def on input line 106.
 (C:\Users\josue\AppData\Local\Programs\MiKTeX\tex/latex/graphics-def\pdftex.def
File: pdftex.def 2025/09/29 v1.2d Graphics/color driver for pdftex
))
\Gin@req@height=\dimen165
\Gin@req@width=\dimen166
) (C:\Users\josue\AppData\Local\Programs\MiKTeX\tex/latex/multirow\multirow.sty
Package: multirow 2024/11/12 v2.9 Span multiple rows of a table
\multirow@colwidth=\skip67
\multirow@cntb=\count290
\multirow@dima=\skip68
\bigstrutjot=\dimen167
) (C:\Users\josue\AppData\Local\Programs\MiKTeX\tex/latex/setspace\setspace.sty
Package: setspace 2022/12/04 v6.7b set line spacing
) (C:\Users\josue\AppData\Local\Programs\MiKTeX\tex/latex/enumitem\enumitem.sty
Package: enumitem 2025/02/06 v3.11 Customized lists
\labelindent=\skip69
\enit@outerparindent=\dimen168
\enit@toks=\toks25
\enit@inbox=\box55
\enit@count@id=\count291
\enitdp@description=\count292
)) (C:\Users\josue\AppData\Local\Programs\MiKTeX\tex/latex/titlesec\titlesec.sty
Package: titlesec 2025/01/04 v2.17 Sectioning titles
\ttl@box=\box56
\beforetitleunit=\skip70
\aftertitleunit=\skip71
\ttl@plus=\dimen169
\ttl@minus=\dimen170
\ttl@toksa=\toks26
\titlewidth=\dimen171
\titlewidthlast=\dimen172
\titlewidthfirst=\dimen173
) (C:\Users\josue\AppData\Local\Programs\MiKTeX\tex/latex/amsmath\amsmath.sty
Package: amsmath 2025/07/09 v2.17z AMS math features
\@mathmargin=\skip72

For additional information on amsmath, use the `?' option.
(C:\Users\josue\AppData\Local\Programs\MiKTeX\tex/latex/amsmath\amstext.sty
Package: amstext 2024/11/17 v2.01 AMS text
 (C:\Users\josue\AppData\Local\Programs\MiKTeX\tex/latex/amsmath\amsgen.sty
File: amsgen.sty 1999/11/30 v2.0 generic functions
\@emptytoks=\toks27
\ex@=\dimen174
)) (C:\Users\josue\AppData\Local\Programs\MiKTeX\tex/latex/amsmath\amsbsy.sty
Package: amsbsy 1999/11/29 v1.2d Bold Symbols
\pmbraise@=\dimen175
) (C:\Users\josue\AppData\Local\Programs\MiKTeX\tex/latex/amsmath\amsopn.sty
Package: amsopn 2022/04/08 v2.04 operator names
)
\inf@bad=\count293
LaTeX Info: Redefining \frac on input line 233.
\uproot@=\count294
\leftroot@=\count295
LaTeX Info: Redefining \overline on input line 398.
LaTeX Info: Redefining \colon on input line 409.
\classnum@=\count296
\DOTSCASE@=\count297
LaTeX Info: Redefining \ldots on input line 495.
LaTeX Info: Redefining \dots on input line 498.
LaTeX Info: Redefining \cdots on input line 619.
\Mathstrutbox@=\box57
\strutbox@=\box58
LaTeX Info: Redefining \big on input line 721.
LaTeX Info: Redefining \Big on input line 722.
LaTeX Info: Redefining \bigg on input line 723.
LaTeX Info: Redefining \Bigg on input line 724.
\big@size=\dimen176
LaTeX Font Info:    Redeclaring font encoding OML on input line 742.
LaTeX Font Info:    Redeclaring font encoding OMS on input line 743.
\macc@depth=\count298
LaTeX Info: Redefining \bmod on input line 904.
LaTeX Info: Redefining \pmod on input line 909.
LaTeX Info: Redefining \smash on input line 939.
LaTeX Info: Redefining \relbar on input line 969.
LaTeX Info: Redefining \Relbar on input line 970.
\c@MaxMatrixCols=\count299
\dotsspace@=\muskip17
\c@parentequation=\count300
\dspbrk@lvl=\count301
\tag@help=\toks28
\row@=\count302
\column@=\count303
\maxfields@=\count304
\andhelp@=\toks29
\eqnshift@=\dimen177
\alignsep@=\dimen178
\tagshift@=\dimen179
\tagwidth@=\dimen180
\totwidth@=\dimen181
\lineht@=\dimen182
\@envbody=\toks30
\multlinegap=\skip73
\multlinetaggap=\skip74
\mathdisplay@stack=\toks31
LaTeX Info: Redefining \[ on input line 2950.
LaTeX Info: Redefining \] on input line 2951.
) (C:\Users\josue\AppData\Local\Programs\MiKTeX\tex/latex/l3backend\l3backend-pdftex.def
File: l3backend-pdftex.def 2025-10-09 L3 backend support: PDF output (pdfTeX)
\l__color_backend_stack_int=\count305
) (Formato.aux
LaTeX Info: Redefining \. on input line 8.
LaTeX Info: Redefining \% on input line 8.
Package babel Info: 'spanish' activates 'spanish' shorthands.
(babel)             Reported on input line 8.
)
\openout1 = `Formato.aux'.

LaTeX Font Info:    Checking defaults for OML/cmm/m/it on input line 14.
LaTeX Font Info:    ... okay on input line 14.
LaTeX Font Info:    Checking defaults for OMS/cmsy/m/n on input line 14.
LaTeX Font Info:    ... okay on input line 14.
LaTeX Font Info:    Checking defaults for OT1/cmr/m/n on input line 14.
LaTeX Font Info:    ... okay on input line 14.
LaTeX Font Info:    Checking defaults for T1/cmr/m/n on input line 14.
LaTeX Font Info:    ... okay on input line 14.
LaTeX Font Info:    Checking defaults for TS1/cmr/m/n on input line 14.
LaTeX Font Info:    ... okay on input line 14.
LaTeX Font Info:    Checking defaults for OMX/cmex/m/n on input line 14.
LaTeX Font Info:    ... okay on input line 14.
LaTeX Font Info:    Checking defaults for U/cmr/m/n on input line 14.
LaTeX Font Info:    ... okay on input line 14.
LaTeX Info: Redefining \. on input line 14.
LaTeX Info: Redefining \% on input line 14.

*geometry* driver: auto-detecting
*geometry* detected driver: pdftex
*geometry* verbose mode - [ preamble ] result:
* driver: pdftex
* paper: <default>
* layout: <same size as paper>
* layoutoffset:(h,v)=(0.0pt,0.0pt)
* modes: 
* h-part:(L,W,R)=(71.13188pt, 469.47049pt, 56.9055pt)
* v-part:(T,H,B)=(170.71652pt, 603.19844pt, 71.13188pt)
* \paperwidth=597.50787pt
* \paperheight=845.04684pt
* \textwidth=469.47049pt
* \textheight=603.19844pt
* \oddsidemargin=-1.1381pt
* \evensidemargin=-1.1381pt
* \topmargin=-43.81723pt
* \headheight=128.0374pt
* \headsep=14.22636pt
* \topskip=11.0pt
* \footskip=30.0pt
* \marginparwidth=50.0pt
* \marginparsep=10.0pt
* \columnsep=10.0pt
* \skip\footins=10.0pt plus 4.0pt minus 2.0pt
* \hoffset=0.0pt
* \voffset=0.0pt
* \mag=1000
* \@twocolumnfalse
* \@twosidefalse
* \@mparswitchfalse
* \@reversemarginfalse
* (1in=72.27pt=25.4mm, 1cm=28.453pt)

(C:\Users\josue\AppData\Local\Programs\MiKTeX\tex/context/base/mkii\supp-pdf.mkii
[Loading MPS to PDF converter (version 2006.09.02).]
\scratchcounter=\count306
\scratchdimen=\dimen183
\scratchbox=\box59
\nofMPsegments=\count307
\nofMParguments=\count308
\everyMPshowfont=\toks32
\MPscratchCnt=\count309
\MPscratchDim=\dimen184
\MPnumerator=\count310
\makeMPintoPDFobject=\count311
\everyMPtoPDFconversion=\toks33
) (C:\Users\josue\AppData\Local\Programs\MiKTeX\tex/latex/epstopdf-pkg\epstopdf-base.sty
Package: epstopdf-base 2020-01-24 v2.11 Base part for package epstopdf
 (C:\Users\josue\AppData\Local\Programs\MiKTeX\tex/generic/infwarerr\infwarerr.sty
Package: infwarerr 2019/12/03 v1.5 Providing info/warning/error messages (HO)
) (C:\Users\josue\AppData\Local\Programs\MiKTeX\tex/latex/grfext\grfext.sty
Package: grfext 2019/12/03 v1.3 Manage graphics extensions (HO)
 (C:\Users\josue\AppData\Local\Programs\MiKTeX\tex/generic/kvdefinekeys\kvdefinekeys.sty
Package: kvdefinekeys 2019-12-19 v1.6 Define keys (HO)
)) (C:\Users\josue\AppData\Local\Programs\MiKTeX\tex/latex/kvoptions\kvoptions.sty
Package: kvoptions 2022-06-15 v3.15 Key value format for package options (HO)
 (C:\Users\josue\AppData\Local\Programs\MiKTeX\tex/generic/ltxcmds\ltxcmds.sty
Package: ltxcmds 2023-12-04 v1.26 LaTeX kernel commands for general use (HO)
) (C:\Users\josue\AppData\Local\Programs\MiKTeX\tex/latex/kvsetkeys\kvsetkeys.sty
Package: kvsetkeys 2022-10-05 v1.19 Key value parser (HO)
)) (C:\Users\josue\AppData\Local\Programs\MiKTeX\tex/generic/pdftexcmds\pdftexcmds.sty
Package: pdftexcmds 2020-06-27 v0.33 Utility functions of pdfTeX for LuaTeX (HO)
Package pdftexcmds Info: \pdf@primitive is available.
Package pdftexcmds Info: \pdf@ifprimitive is available.
Package pdftexcmds Info: \pdfdraftmode found.
)
Package epstopdf-base Info: Redefining graphics rule for `.eps' on input line 485.
Package grfext Info: Graphics extension search list:
(grfext)             [.pdf,.png,.jpg,.mps,.jpeg,.jbig2,.jb2,.PDF,.PNG,.JPG,.JPEG,.JBIG2,.JB2,.eps]
(grfext)             \AppendGraphicsExtensions on input line 504.
 (C:\Users\josue\AppData\Local\Programs\MiKTeX\tex/latex/00miktex\epstopdf-sys.cfg
File: epstopdf-sys.cfg 2021/03/18 v2.0 Configuration of epstopdf for MiKTeX
))
<picture/logo.png, id=1, 353.32pt x 451.6875pt>
File: picture/logo.png Graphic file (type png)
<use picture/logo.png>
Package pdftex.def Info: picture/logo.png  used on input line 43.
(pdftex.def)             Requested size: 55.6374pt x 71.12737pt.

Overfull \vbox (30.4274pt too high) has occurred while \output is active []


Overfull \hbox (31.90947pt too wide) has occurred while \output is active
 [][] 
 []


Package fancyhdr Warning: \headheight is too small (128.0374pt): 
(fancyhdr)                Make it at least 128.42932pt, for example:
(fancyhdr)                \setlength{\headheight}{128.42932pt}.
(fancyhdr)                You might also make \topmargin smaller:
(fancyhdr)                \addtolength{\topmargin}{-0.39192pt}.

[1{C:/Users/josue/AppData/Local/MiKTeX/fonts/map/pdftex/pdftex.map}

 <./picture/logo.png>]
File: picture/logo.png Graphic file (type png)
<use picture/logo.png>
Package pdftex.def Info: picture/logo.png  used on input line 77.
(pdftex.def)             Requested size: 55.6374pt x 71.12737pt.

Overfull \vbox (30.4274pt too high) has occurred while \output is active []


Overfull \hbox (31.90947pt too wide) has occurred while \output is active
 [][] 
 []


Package fancyhdr Warning: \headheight is too small (128.0374pt): 
(fancyhdr)                Make it at least 128.42932pt, for example:
(fancyhdr)                \setlength{\headheight}{128.42932pt}.
(fancyhdr)                You might also make \topmargin smaller:
(fancyhdr)                \addtolength{\topmargin}{-0.39192pt}.

[2]
Underfull \hbox (badness 10000) in paragraph at lines 94--95
[]|\OT1/cmr/m/n/9 Lineamientos in-ter-nos,
 []


Underfull \hbox (badness 10000) in paragraph at lines 94--95
\OT1/cmr/m/n/9 es-truc-tu-ra or-ga-ni-za-cio-nal
 []


Underfull \hbox (badness 1005) in paragraph at lines 94--95
\OT1/cmr/m/n/9 pro-pues-ta y cri-te-rios de
 []


Underfull \hbox (badness 1648) in paragraph at lines 98--99
\OT1/cmr/m/n/9 men-tal, bue-nas pr^^Sacti-cas
 []

File: picture/logo.png Graphic file (type png)
<use picture/logo.png>
Package pdftex.def Info: picture/logo.png  used on input line 122.
(pdftex.def)             Requested size: 55.6374pt x 71.12737pt.

Overfull \vbox (30.4274pt too high) has occurred while \output is active []


Overfull \hbox (31.90947pt too wide) has occurred while \output is active
 [][] 
 []


Package fancyhdr Warning: \headheight is too small (128.0374pt): 
(fancyhdr)                Make it at least 128.42932pt, for example:
(fancyhdr)                \setlength{\headheight}{128.42932pt}.
(fancyhdr)                You might also make \topmargin smaller:
(fancyhdr)                \addtolength{\topmargin}{-0.39192pt}.

[3]
File: picture/logo.png Graphic file (type png)
<use picture/logo.png>
Package pdftex.def Info: picture/logo.png  used on input line 160.
(pdftex.def)             Requested size: 55.6374pt x 71.12737pt.

Overfull \vbox (30.4274pt too high) has occurred while \output is active []


Overfull \hbox (31.90947pt too wide) has occurred while \output is active
 [][] 
 []


Package fancyhdr Warning: \headheight is too small (128.0374pt): 
(fancyhdr)                Make it at least 128.42932pt, for example:
(fancyhdr)                \setlength{\headheight}{128.42932pt}.
(fancyhdr)                You might also make \topmargin smaller:
(fancyhdr)                \addtolength{\topmargin}{-0.39192pt}.

[4]
File: picture/logo.png Graphic file (type png)
<use picture/logo.png>
Package pdftex.def Info: picture/logo.png  used on input line 190.
(pdftex.def)             Requested size: 55.6374pt x 71.12737pt.

Overfull \vbox (30.4274pt too high) has occurred while \output is active []


Overfull \hbox (31.90947pt too wide) has occurred while \output is active
 [][] 
 []


Package fancyhdr Warning: \headheight is too small (128.0374pt): 
(fancyhdr)                Make it at least 128.42932pt, for example:
(fancyhdr)                \setlength{\headheight}{128.42932pt}.
(fancyhdr)                You might also make \topmargin smaller:
(fancyhdr)                \addtolength{\topmargin}{-0.39192pt}.

[5]
Overfull \hbox (11.16507pt too wide) in paragraph at lines 199--200
[] \OT1/cmr/bx/n/10.95 Des-crip-ci^^Son del lo-go-ti-po. \OT1/cmr/m/n/10.95 El lo-go-ti-po de STRA-TIUM est^^Sa com-pues-to por un s^^S^^Pmbo-lo geom^^Setri-
 []

File: picture/logo.png Graphic file (type png)
<use picture/logo.png>
Package pdftex.def Info: picture/logo.png  used on input line 220.
(pdftex.def)             Requested size: 55.6374pt x 71.12737pt.

Overfull \vbox (30.4274pt too high) has occurred while \output is active []


Overfull \hbox (31.90947pt too wide) has occurred while \output is active
 [][] 
 []


Package fancyhdr Warning: \headheight is too small (128.0374pt): 
(fancyhdr)                Make it at least 128.42932pt, for example:
(fancyhdr)                \setlength{\headheight}{128.42932pt}.
(fancyhdr)                You might also make \topmargin smaller:
(fancyhdr)                \addtolength{\topmargin}{-0.39192pt}.

[6]
File: picture/logo.png Graphic file (type png)
<use picture/logo.png>
Package pdftex.def Info: picture/logo.png  used on input line 257.
(pdftex.def)             Requested size: 55.6374pt x 71.12737pt.

Overfull \vbox (30.4274pt too high) has occurred while \output is active []


Overfull \hbox (31.90947pt too wide) has occurred while \output is active
 [][] 
 []


Package fancyhdr Warning: \headheight is too small (128.0374pt): 
(fancyhdr)                Make it at least 128.42932pt, for example:
(fancyhdr)                \setlength{\headheight}{128.42932pt}.
(fancyhdr)                You might also make \topmargin smaller:
(fancyhdr)                \addtolength{\topmargin}{-0.39192pt}.

[7]
Underfull \hbox (badness 10000) in paragraph at lines 290--291
[]|\OT1/cmr/bx/n/9 C^^Sodi-go
 []


Underfull \hbox (badness 10000) in paragraph at lines 314--315
[]|\OT1/cmr/bx/n/9 C^^Sodi-go
 []

File: picture/logo.png Graphic file (type png)
<use picture/logo.png>
Package pdftex.def Info: picture/logo.png  used on input line 327.
(pdftex.def)             Requested size: 55.6374pt x 71.12737pt.

Overfull \vbox (17.22733pt too high) has occurred while \output is active []


Overfull \hbox (31.90947pt too wide) has occurred while \output is active
 [][] 
 []


Package fancyhdr Warning: \headheight is too small (128.0374pt): 
(fancyhdr)                Make it at least 132.38934pt, for example:
(fancyhdr)                \setlength{\headheight}{132.38934pt}.
(fancyhdr)                You might also make \topmargin smaller:
(fancyhdr)                \addtolength{\topmargin}{-4.35194pt}.

[8]
Underfull \hbox (badness 10000) in paragraph at lines 341--342
[]|\OT1/cmr/bx/n/9 C^^Sodi-go
 []

File: picture/logo.png Graphic file (type png)
<use picture/logo.png>
Package pdftex.def Info: picture/logo.png  used on input line 369.
(pdftex.def)             Requested size: 55.6374pt x 71.12737pt.

Overfull \vbox (30.4274pt too high) has occurred while \output is active []


Overfull \hbox (31.90947pt too wide) has occurred while \output is active
 [][] 
 []


Package fancyhdr Warning: \headheight is too small (128.0374pt): 
(fancyhdr)                Make it at least 128.42932pt, for example:
(fancyhdr)                \setlength{\headheight}{128.42932pt}.
(fancyhdr)                You might also make \topmargin smaller:
(fancyhdr)                \addtolength{\topmargin}{-0.39192pt}.

[9]
File: picture/logo.png Graphic file (type png)
<use picture/logo.png>
Package pdftex.def Info: picture/logo.png  used on input line 408.
(pdftex.def)             Requested size: 55.6374pt x 71.12737pt.

Overfull \vbox (30.4274pt too high) has occurred while \output is active []


Overfull \hbox (31.90947pt too wide) has occurred while \output is active
 [][] 
 []


Package fancyhdr Warning: \headheight is too small (128.0374pt): 
(fancyhdr)                Make it at least 128.42932pt, for example:
(fancyhdr)                \setlength{\headheight}{128.42932pt}.
(fancyhdr)                You might also make \topmargin smaller:
(fancyhdr)                \addtolength{\topmargin}{-0.39192pt}.

[10]
<picture/firmas/david_barragan.png, id=43, 1151.30125pt x 1151.30125pt>
File: picture/firmas/david_barragan.png Graphic file (type png)
<use picture/firmas/david_barragan.png>
Package pdftex.def Info: picture/firmas/david_barragan.png  used on input line 436.
(pdftex.def)             Requested size: 65.43863pt x 65.43863pt.
<picture/firmas/david_manjarres.png, id=44, 1152.305pt x 1152.305pt>
File: picture/firmas/david_manjarres.png Graphic file (type png)
<use picture/firmas/david_manjarres.png>
Package pdftex.def Info: picture/firmas/david_manjarres.png  used on input line 438.
(pdftex.def)             Requested size: 65.42535pt x 65.42535pt.
<picture/firmas/josue_garcia.png, id=45, 1151.30125pt x 1151.30125pt>
File: picture/firmas/josue_garcia.png Graphic file (type png)
<use picture/firmas/josue_garcia.png>
Package pdftex.def Info: picture/firmas/josue_garcia.png  used on input line 440.
(pdftex.def)             Requested size: 65.43863pt x 65.43863pt.
<picture/firmas/joel_bonilla.png, id=46, 1151.30125pt x 1151.30125pt>
File: picture/firmas/joel_bonilla.png Graphic file (type png)
<use picture/firmas/joel_bonilla.png>
Package pdftex.def Info: picture/firmas/joel_bonilla.png  used on input line 442.
(pdftex.def)             Requested size: 65.43863pt x 65.43863pt.

Overfull \hbox (5.32082pt too wide) in paragraph at lines 432--445
 [] 
 []

File: picture/logo.png Graphic file (type png)
<use picture/logo.png>
Package pdftex.def Info: picture/logo.png  used on input line 445.
(pdftex.def)             Requested size: 55.6374pt x 71.12737pt.

Overfull \vbox (30.4274pt too high) has occurred while \output is active []


Overfull \hbox (31.90947pt too wide) has occurred while \output is active
 [][] 
 []


Package fancyhdr Warning: \headheight is too small (128.0374pt): 
(fancyhdr)                Make it at least 128.42932pt, for example:
(fancyhdr)                \setlength{\headheight}{128.42932pt}.
(fancyhdr)                You might also make \topmargin smaller:
(fancyhdr)                \addtolength{\topmargin}{-0.39192pt}.

[11]
Overfull \hbox (19.5472pt too wide) in paragraph at lines 456--463
 [] 
 []

File: picture/logo.png Graphic file (type png)
<use picture/logo.png>
Package pdftex.def Info: picture/logo.png  used on input line 463.
(pdftex.def)             Requested size: 55.6374pt x 71.12737pt.

Overfull \vbox (4.02719pt too high) has occurred while \output is active []


Overfull \hbox (31.90947pt too wide) has occurred while \output is active
 [][] 
 []


Package fancyhdr Warning: \headheight is too small (128.0374pt): 
(fancyhdr)                Make it at least 136.34943pt, for example:
(fancyhdr)                \setlength{\headheight}{136.34943pt}.
(fancyhdr)                You might also make \topmargin smaller:
(fancyhdr)                \addtolength{\topmargin}{-8.31203pt}.

[12 <./picture/firmas/david_barragan.png> <./picture/firmas/david_manjarres.png> <./picture/firmas/josue_garcia.png> <./picture/firmas/joel_bonilla.png>]
File: picture/logo.png Graphic file (type png)
<use picture/logo.png>
Package pdftex.def Info: picture/logo.png  used on input line 533.
(pdftex.def)             Requested size: 55.6374pt x 71.12737pt.

Overfull \vbox (4.02719pt too high) has occurred while \output is active []


Overfull \hbox (31.90947pt too wide) has occurred while \output is active
 [][] 
 []


Package fancyhdr Warning: \headheight is too small (128.0374pt): 
(fancyhdr)                Make it at least 136.34943pt, for example:
(fancyhdr)                \setlength{\headheight}{136.34943pt}.
(fancyhdr)                You might also make \topmargin smaller:
(fancyhdr)                \addtolength{\topmargin}{-8.31203pt}.

[13]
File: picture/logo.png Graphic file (type png)
<use picture/logo.png>
Package pdftex.def Info: picture/logo.png  used on input line 535.
(pdftex.def)             Requested size: 55.6374pt x 71.12737pt.

Overfull \vbox (30.4274pt too high) has occurred while \output is active []


Overfull \hbox (31.90947pt too wide) has occurred while \output is active
 [][] 
 []


Package fancyhdr Warning: \headheight is too small (128.0374pt): 
(fancyhdr)                Make it at least 128.42932pt, for example:
(fancyhdr)                \setlength{\headheight}{128.42932pt}.
(fancyhdr)                You might also make \topmargin smaller:
(fancyhdr)                \addtolength{\topmargin}{-0.39192pt}.

[14] (Formato.aux
LaTeX Info: Redefining \. on input line 8.
LaTeX Info: Redefining \% on input line 8.
)
 ***********
LaTeX2e <2025-11-01>
L3 programming layer <2025-12-24>
 ***********
 ) 
Here is how much of TeX's memory you used:
 5902 strings out of 467871
 98535 string characters out of 5418377
 541347 words of memory out of 5000000
 34692 multiletter control sequences out of 15000+600000
 637473 words of font info for 73 fonts, out of 8000000 for 9000
 1141 hyphenation exceptions out of 8191
 72i,23n,79p,584b,704s stack positions out of 10000i,1000n,20000p,200000b,200000s
 <C:\Users\josue\AppData\Local\MiKTeX\fonts/pk/ljfour/jknappen/ec/dpi600\tcrm1095.pk><C:/Users/josue/AppData/Local/Programs/MiKTeX/fonts/type1/public/amsfonts/cm/cmbsy10.pfb><C:/Users/josue/AppData/Local/Programs/MiKTeX/fonts/type1/public/amsfonts/cm/cmbx10.pfb><C:/Users/josue/AppData/Local/Programs/MiKTeX/fonts/type1/public/amsfonts/cm/cmbx12.pfb><C:/Users/josue/AppData/Local/Programs/MiKTeX/fonts/type1/public/amsfonts/cm/cmbx9.pfb><C:/Users/josue/AppData/Local/Programs/MiKTeX/fonts/type1/public/amsfonts/cm/cmex10.pfb><C:/Users/josue/AppData/Local/Programs/MiKTeX/fonts/type1/public/amsfonts/cm/cmr10.pfb><C:/Users/josue/AppData/Local/Programs/MiKTeX/fonts/type1/public/amsfonts/cm/cmr9.pfb><C:/Users/josue/AppData/Local/Programs/MiKTeX/fonts/type1/public/amsfonts/cm/cmti10.pfb>
Output written on Formato.pdf (14 pages, 342514 bytes).
PDF statistics:
 100 PDF objects out of 1000 (max. 8388607)
 0 named destinations out of 1000 (max. 500000)
 26 words of extra memory for PDF output out of 10000 (max. 10000000)

